<?xml version="1.0" encoding="UTF-8"?>
<testng-results skipped="0" failed="0" ignored="0" total="1" passed="1">
  <reporter-output>
  </reporter-output>
  <suite name="Suite" duration-ms="18097" started-at="2018-05-17T06:16:19Z" finished-at="2018-05-17T06:16:37Z">
    <groups>
    </groups>
    <test name="Test" duration-ms="18097" started-at="2018-05-17T06:16:19Z" finished-at="2018-05-17T06:16:37Z">
      <class name="testcases.primusbanklogintestcase">
        <test-method status="PASS" signature="setupTestSuite()[pri:0, instance:testcases.primusbanklogintestcase@eafc191]" name="setupTestSuite" is-config="true" duration-ms="217" started-at="2018-05-17T06:16:19Z" finished-at="2018-05-17T06:16:19Z">
          <reporter-output>
          </reporter-output>
        </test-method> <!-- setupTestSuite -->
        <test-method status="PASS" signature="startTest()[pri:0, instance:testcases.primusbanklogintestcase@eafc191]" name="startTest" is-config="true" duration-ms="9090" started-at="2018-05-17T06:16:19Z" finished-at="2018-05-17T06:16:28Z">
          <reporter-output>
          </reporter-output>
        </test-method> <!-- startTest -->
        <test-method status="PASS" signature="login()[pri:0, instance:testcases.primusbanklogintestcase@eafc191]" name="login" duration-ms="7741" started-at="2018-05-17T06:16:28Z" finished-at="2018-05-17T06:16:36Z">
          <reporter-output>
          </reporter-output>
        </test-method> <!-- login -->
        <test-method status="PASS" signature="endLogger(org.testng.ITestResult)[pri:0, instance:testcases.primusbanklogintestcase@eafc191]" name="endLogger" is-config="true" duration-ms="16" started-at="2018-05-17T06:16:36Z" finished-at="2018-05-17T06:16:36Z">
          <params>
            <param index="0">
              <value>
                <![CDATA[[TestResult name=login status=SUCCESS method=primusbanklogintestcase.login()[pri:0, instance:testcases.primusbanklogintestcase@eafc191] output={null}]]]>
              </value>
            </param>
          </params>
          <reporter-output>
          </reporter-output>
        </test-method> <!-- endLogger -->
        <test-method status="PASS" signature="endTest()[pri:0, instance:testcases.primusbanklogintestcase@eafc191]" name="endTest" is-config="true" duration-ms="1226" started-at="2018-05-17T06:16:36Z" finished-at="2018-05-17T06:16:37Z">
          <reporter-output>
          </reporter-output>
        </test-method> <!-- endTest -->
        <test-method status="PASS" signature="tearDownTestSuite()[pri:0, instance:testcases.primusbanklogintestcase@eafc191]" name="tearDownTestSuite" is-config="true" duration-ms="430" started-at="2018-05-17T06:16:37Z" finished-at="2018-05-17T06:16:38Z">
          <reporter-output>
          </reporter-output>
        </test-method> <!-- tearDownTestSuite -->
      </class> <!-- testcases.primusbanklogintestcase -->
    </test> <!-- Test -->
  </suite> <!-- Suite -->
</testng-results>
